{"uid":"2b68ce02309f16b9","name":"verifyDeleteAuthorByIdEndpoint","fullName":"api.AuthorTest.verifyDeleteAuthorByIdEndpoint","historyId":"9257e4f16870592a32eff3c648564778","time":{"start":1742475566667,"stop":1742475567652,"duration":985},"status":"failed","statusMessage":"\nexpected: 404\n but was: 200","statusTrace":"java.lang.AssertionError: \nexpected: 404\n but was: 200\n\tat api.AuthorTest.verifyDeleteAuthorByIdEndpoint(AuthorTest.java:65)\n\tat java.base/jdk.internal.reflect.NativeMethodAccessorImpl.invoke0(Native Method)\n\tat java.base/jdk.internal.reflect.NativeMethodAccessorImpl.invoke(NativeMethodAccessorImpl.java:77)\n\tat java.base/jdk.internal.reflect.DelegatingMethodAccessorImpl.invoke(DelegatingMethodAccessorImpl.java:43)\n\tat java.base/java.lang.reflect.Method.invoke(Method.java:569)\n\tat org.testng.internal.invokers.MethodInvocationHelper.invokeMethod(MethodInvocationHelper.java:141)\n\tat org.testng.internal.invokers.TestInvoker.invokeMethod(TestInvoker.java:686)\n\tat org.testng.internal.invokers.TestInvoker.invokeTestMethod(TestInvoker.java:230)\n\tat org.testng.internal.invokers.MethodRunner.runInSequence(MethodRunner.java:63)\n\tat org.testng.internal.invokers.TestInvoker$MethodInvocationAgent.invoke(TestInvoker.java:992)\n\tat org.testng.internal.invokers.TestInvoker.invokeTestMethods(TestInvoker.java:203)\n\tat org.testng.internal.invokers.TestMethodWorker.invokeTestMethods(TestMethodWorker.java:154)\n\tat org.testng.internal.invokers.TestMethodWorker.run(TestMethodWorker.java:134)\n\tat java.base/java.util.concurrent.Executors$RunnableAdapter.call(Executors.java:539)\n\tat java.base/java.util.concurrent.FutureTask.run(FutureTask.java:264)\n\tat org.testng.internal.thread.graph.TestNGFutureTask.run(TestNGFutureTask.java:22)\n\tat java.base/java.util.concurrent.ThreadPoolExecutor.runWorker(ThreadPoolExecutor.java:1136)\n\tat java.base/java.util.concurrent.ThreadPoolExecutor$Worker.run(ThreadPoolExecutor.java:635)\n\tat java.base/java.lang.Thread.run(Thread.java:840)\n","flaky":false,"newFailed":false,"newBroken":false,"newPassed":false,"retriesCount":0,"retriesStatusChange":false,"beforeStages":[],"testStage":{"status":"failed","statusMessage":"\nexpected: 404\n but was: 200","statusTrace":"java.lang.AssertionError: \nexpected: 404\n but was: 200\n\tat api.AuthorTest.verifyDeleteAuthorByIdEndpoint(AuthorTest.java:65)\n\tat java.base/jdk.internal.reflect.NativeMethodAccessorImpl.invoke0(Native Method)\n\tat java.base/jdk.internal.reflect.NativeMethodAccessorImpl.invoke(NativeMethodAccessorImpl.java:77)\n\tat java.base/jdk.internal.reflect.DelegatingMethodAccessorImpl.invoke(DelegatingMethodAccessorImpl.java:43)\n\tat java.base/java.lang.reflect.Method.invoke(Method.java:569)\n\tat org.testng.internal.invokers.MethodInvocationHelper.invokeMethod(MethodInvocationHelper.java:141)\n\tat org.testng.internal.invokers.TestInvoker.invokeMethod(TestInvoker.java:686)\n\tat org.testng.internal.invokers.TestInvoker.invokeTestMethod(TestInvoker.java:230)\n\tat org.testng.internal.invokers.MethodRunner.runInSequence(MethodRunner.java:63)\n\tat org.testng.internal.invokers.TestInvoker$MethodInvocationAgent.invoke(TestInvoker.java:992)\n\tat org.testng.internal.invokers.TestInvoker.invokeTestMethods(TestInvoker.java:203)\n\tat org.testng.internal.invokers.TestMethodWorker.invokeTestMethods(TestMethodWorker.java:154)\n\tat org.testng.internal.invokers.TestMethodWorker.run(TestMethodWorker.java:134)\n\tat java.base/java.util.concurrent.Executors$RunnableAdapter.call(Executors.java:539)\n\tat java.base/java.util.concurrent.FutureTask.run(FutureTask.java:264)\n\tat org.testng.internal.thread.graph.TestNGFutureTask.run(TestNGFutureTask.java:22)\n\tat java.base/java.util.concurrent.ThreadPoolExecutor.runWorker(ThreadPoolExecutor.java:1136)\n\tat java.base/java.util.concurrent.ThreadPoolExecutor$Worker.run(ThreadPoolExecutor.java:635)\n\tat java.base/java.lang.Thread.run(Thread.java:840)\n","steps":[],"attachments":[{"uid":"9cfa6804c09458cc","name":"Request","source":"9cfa6804c09458cc.html","type":"text/html","size":900},{"uid":"1c94e0ed28f85aa2","name":"HTTP/1.1 200 OK","source":"1c94e0ed28f85aa2.html","type":"text/html","size":550},{"uid":"fc9480da7c46f7f7","name":"Request","source":"fc9480da7c46f7f7.html","type":"text/html","size":503},{"uid":"4a99340d37de6798","name":"HTTP/1.1 200 OK","source":"4a99340d37de6798.html","type":"text/html","size":310},{"uid":"c97060d8fda80336","name":"Request","source":"c97060d8fda80336.html","type":"text/html","size":497},{"uid":"ec07ee8215a09709","name":"HTTP/1.1 200 OK","source":"ec07ee8215a09709.html","type":"text/html","size":550}],"parameters":[],"shouldDisplayMessage":true,"stepsCount":0,"attachmentsCount":6,"hasContent":true},"afterStages":[],"labels":[{"name":"package","value":"api.AuthorTest"},{"name":"testClass","value":"api.AuthorTest"},{"name":"testMethod","value":"verifyDeleteAuthorByIdEndpoint"},{"name":"parentSuite","value":"Test suite"},{"name":"suite","value":"Tests"},{"name":"subSuite","value":"api.AuthorTest"},{"name":"host","value":"fv-az1672-35"},{"name":"thread","value":"2016@fv-az1672-35.TestNG-test-Tests-3(22)"},{"name":"framework","value":"testng"},{"name":"language","value":"java"},{"name":"resultFormat","value":"allure2"}],"parameters":[{"name":"arg0","value":"AuthorModel(firstName=First Name 11, id=11, idBook=4, lastName=Last Name 11)"}],"links":[],"hidden":false,"retry":false,"extra":{"severity":"normal","retries":[],"categories":[{"name":"Product defects","matchedStatuses":[],"flaky":false}],"tags":[]},"source":"2b68ce02309f16b9.json","parameterValues":["AuthorModel(firstName=First Name 11, id=11, idBook=4, lastName=Last Name 11)"]}