{"uid":"c440aa1bad7bde3c","name":"verifyPutBookResponseSchema","fullName":"api.BookTest.verifyPutBookResponseSchema","historyId":"8fed7551f614f3dda7c7220223671b6d","time":{"start":1742480649154,"stop":1742480649448,"duration":294},"status":"failed","statusMessage":"1 expectation failed.\nResponse body doesn't match expectation.\nExpected: The content to match the given JSON schema.\nerror: object has missing required properties ([\"description\",\"excerpt\",\"id\",\"pageCount\",\"publishDate\"])\n    level: \"error\"\n    schema: {\"loadingURI\":\"#\",\"pointer\":\"\"}\n    instance: {\"pointer\":\"\"}\n    domain: \"validation\"\n    keyword: \"required\"\n    required: [\"description\",\"excerpt\",\"id\",\"pageCount\",\"publishDate\",\"title\"]\n    missing: [\"description\",\"excerpt\",\"id\",\"pageCount\",\"publishDate\"]\n\n  Actual: {\"type\":\"https://tools.ietf.org/html/rfc7231#section-6.5.1\",\"title\":\"One or more validation errors occurred.\",\"status\":400,\"traceId\":\"00-2fbcb64a028d30479ad99505299df8b6-d25589597648414f-00\",\"errors\":{\"$.publishDate\":[\"The JSON value could not be converted to System.DateTime. Path: $.publishDate | LineNumber: 0 | BytePositionInLine: 119.\"]}}\n","statusTrace":"java.lang.AssertionError: 1 expectation failed.\nResponse body doesn't match expectation.\nExpected: The content to match the given JSON schema.\nerror: object has missing required properties ([\"description\",\"excerpt\",\"id\",\"pageCount\",\"publishDate\"])\n    level: \"error\"\n    schema: {\"loadingURI\":\"#\",\"pointer\":\"\"}\n    instance: {\"pointer\":\"\"}\n    domain: \"validation\"\n    keyword: \"required\"\n    required: [\"description\",\"excerpt\",\"id\",\"pageCount\",\"publishDate\",\"title\"]\n    missing: [\"description\",\"excerpt\",\"id\",\"pageCount\",\"publishDate\"]\n\n  Actual: {\"type\":\"https://tools.ietf.org/html/rfc7231#section-6.5.1\",\"title\":\"One or more validation errors occurred.\",\"status\":400,\"traceId\":\"00-2fbcb64a028d30479ad99505299df8b6-d25589597648414f-00\",\"errors\":{\"$.publishDate\":[\"The JSON value could not be converted to System.DateTime. Path: $.publishDate | LineNumber: 0 | BytePositionInLine: 119.\"]}}\n\n\tat java.base/jdk.internal.reflect.NativeConstructorAccessorImpl.newInstance0(Native Method)\n\tat java.base/jdk.internal.reflect.NativeConstructorAccessorImpl.newInstance(NativeConstructorAccessorImpl.java:77)\n\tat java.base/jdk.internal.reflect.DelegatingConstructorAccessorImpl.newInstance(DelegatingConstructorAccessorImpl.java:45)\n\tat java.base/java.lang.reflect.Constructor.newInstanceWithCaller(Constructor.java:500)\n\tat java.base/java.lang.reflect.Constructor.newInstance(Constructor.java:481)\n\tat org.codehaus.groovy.reflection.CachedConstructor.invoke(CachedConstructor.java:73)\n\tat org.codehaus.groovy.runtime.callsite.ConstructorSite$ConstructorSiteNoUnwrapNoCoerce.callConstructor(ConstructorSite.java:108)\n\tat org.codehaus.groovy.runtime.callsite.AbstractCallSite.callConstructor(AbstractCallSite.java:277)\n\tat io.restassured.internal.ResponseSpecificationImpl$HamcrestAssertionClosure.validate(ResponseSpecificationImpl.groovy:512)\n\tat io.restassured.internal.ResponseSpecificationImpl$HamcrestAssertionClosure$validate$5.call(Unknown Source)\n\tat io.restassured.internal.ResponseSpecificationImpl.validateResponseIfRequired(ResponseSpecificationImpl.groovy:696)\n\tat io.restassured.internal.ResponseSpecificationImpl.this$2$validateResponseIfRequired(ResponseSpecificationImpl.groovy)\n\tat java.base/jdk.internal.reflect.NativeMethodAccessorImpl.invoke0(Native Method)\n\tat java.base/jdk.internal.reflect.NativeMethodAccessorImpl.invoke(NativeMethodAccessorImpl.java:77)\n\tat java.base/jdk.internal.reflect.DelegatingMethodAccessorImpl.invoke(DelegatingMethodAccessorImpl.java:43)\n\tat java.base/java.lang.reflect.Method.invoke(Method.java:569)\n\tat org.codehaus.groovy.runtime.callsite.PlainObjectMetaMethodSite.doInvoke(PlainObjectMetaMethodSite.java:43)\n\tat org.codehaus.groovy.runtime.callsite.PogoMetaMethodSite$PogoCachedMethodSiteNoUnwrapNoCoerce.invoke(PogoMetaMethodSite.java:198)\n\tat org.codehaus.groovy.runtime.callsite.PogoMetaMethodSite.callCurrent(PogoMetaMethodSite.java:62)\n\tat org.codehaus.groovy.runtime.callsite.AbstractCallSite.callCurrent(AbstractCallSite.java:185)\n\tat io.restassured.internal.ResponseSpecificationImpl.body(ResponseSpecificationImpl.groovy:107)\n\tat io.restassured.internal.ValidatableResponseOptionsImpl.body(ValidatableResponseOptionsImpl.java:238)\n\tat api.BaseApiTest.verifySchema(BaseApiTest.java:18)\n\tat api.BookTest.verifyPutBookResponseSchema(BookTest.java:35)\n\tat java.base/jdk.internal.reflect.NativeMethodAccessorImpl.invoke0(Native Method)\n\tat java.base/jdk.internal.reflect.NativeMethodAccessorImpl.invoke(NativeMethodAccessorImpl.java:77)\n\tat java.base/jdk.internal.reflect.DelegatingMethodAccessorImpl.invoke(DelegatingMethodAccessorImpl.java:43)\n\tat java.base/java.lang.reflect.Method.invoke(Method.java:569)\n\tat org.testng.internal.invokers.MethodInvocationHelper.invokeMethod(MethodInvocationHelper.java:141)\n\tat org.testng.internal.invokers.TestInvoker.invokeMethod(TestInvoker.java:686)\n\tat org.testng.internal.invokers.TestInvoker.invokeTestMethod(TestInvoker.java:230)\n\tat org.testng.internal.invokers.MethodRunner.runInSequence(MethodRunner.java:63)\n\tat org.testng.internal.invokers.TestInvoker$MethodInvocationAgent.invoke(TestInvoker.java:992)\n\tat org.testng.internal.invokers.TestInvoker.invokeTestMethods(TestInvoker.java:203)\n\tat org.testng.internal.invokers.TestMethodWorker.invokeTestMethods(TestMethodWorker.java:154)\n\tat org.testng.internal.invokers.TestMethodWorker.run(TestMethodWorker.java:134)\n\tat java.base/java.util.concurrent.Executors$RunnableAdapter.call(Executors.java:539)\n\tat java.base/java.util.concurrent.FutureTask.run(FutureTask.java:264)\n\tat org.testng.internal.thread.graph.TestNGFutureTask.run(TestNGFutureTask.java:22)\n\tat java.base/java.util.concurrent.ThreadPoolExecutor.runWorker(ThreadPoolExecutor.java:1136)\n\tat java.base/java.util.concurrent.ThreadPoolExecutor$Worker.run(ThreadPoolExecutor.java:635)\n\tat java.base/java.lang.Thread.run(Thread.java:840)\n","flaky":false,"newFailed":false,"newBroken":false,"newPassed":false,"retriesCount":0,"retriesStatusChange":false,"beforeStages":[],"testStage":{"status":"failed","statusMessage":"1 expectation failed.\nResponse body doesn't match expectation.\nExpected: The content to match the given JSON schema.\nerror: object has missing required properties ([\"description\",\"excerpt\",\"id\",\"pageCount\",\"publishDate\"])\n    level: \"error\"\n    schema: {\"loadingURI\":\"#\",\"pointer\":\"\"}\n    instance: {\"pointer\":\"\"}\n    domain: \"validation\"\n    keyword: \"required\"\n    required: [\"description\",\"excerpt\",\"id\",\"pageCount\",\"publishDate\",\"title\"]\n    missing: [\"description\",\"excerpt\",\"id\",\"pageCount\",\"publishDate\"]\n\n  Actual: {\"type\":\"https://tools.ietf.org/html/rfc7231#section-6.5.1\",\"title\":\"One or more validation errors occurred.\",\"status\":400,\"traceId\":\"00-2fbcb64a028d30479ad99505299df8b6-d25589597648414f-00\",\"errors\":{\"$.publishDate\":[\"The JSON value could not be converted to System.DateTime. Path: $.publishDate | LineNumber: 0 | BytePositionInLine: 119.\"]}}\n","statusTrace":"java.lang.AssertionError: 1 expectation failed.\nResponse body doesn't match expectation.\nExpected: The content to match the given JSON schema.\nerror: object has missing required properties ([\"description\",\"excerpt\",\"id\",\"pageCount\",\"publishDate\"])\n    level: \"error\"\n    schema: {\"loadingURI\":\"#\",\"pointer\":\"\"}\n    instance: {\"pointer\":\"\"}\n    domain: \"validation\"\n    keyword: \"required\"\n    required: [\"description\",\"excerpt\",\"id\",\"pageCount\",\"publishDate\",\"title\"]\n    missing: [\"description\",\"excerpt\",\"id\",\"pageCount\",\"publishDate\"]\n\n  Actual: {\"type\":\"https://tools.ietf.org/html/rfc7231#section-6.5.1\",\"title\":\"One or more validation errors occurred.\",\"status\":400,\"traceId\":\"00-2fbcb64a028d30479ad99505299df8b6-d25589597648414f-00\",\"errors\":{\"$.publishDate\":[\"The JSON value could not be converted to System.DateTime. Path: $.publishDate | LineNumber: 0 | BytePositionInLine: 119.\"]}}\n\n\tat java.base/jdk.internal.reflect.NativeConstructorAccessorImpl.newInstance0(Native Method)\n\tat java.base/jdk.internal.reflect.NativeConstructorAccessorImpl.newInstance(NativeConstructorAccessorImpl.java:77)\n\tat java.base/jdk.internal.reflect.DelegatingConstructorAccessorImpl.newInstance(DelegatingConstructorAccessorImpl.java:45)\n\tat java.base/java.lang.reflect.Constructor.newInstanceWithCaller(Constructor.java:500)\n\tat java.base/java.lang.reflect.Constructor.newInstance(Constructor.java:481)\n\tat org.codehaus.groovy.reflection.CachedConstructor.invoke(CachedConstructor.java:73)\n\tat org.codehaus.groovy.runtime.callsite.ConstructorSite$ConstructorSiteNoUnwrapNoCoerce.callConstructor(ConstructorSite.java:108)\n\tat org.codehaus.groovy.runtime.callsite.AbstractCallSite.callConstructor(AbstractCallSite.java:277)\n\tat io.restassured.internal.ResponseSpecificationImpl$HamcrestAssertionClosure.validate(ResponseSpecificationImpl.groovy:512)\n\tat io.restassured.internal.ResponseSpecificationImpl$HamcrestAssertionClosure$validate$5.call(Unknown Source)\n\tat io.restassured.internal.ResponseSpecificationImpl.validateResponseIfRequired(ResponseSpecificationImpl.groovy:696)\n\tat io.restassured.internal.ResponseSpecificationImpl.this$2$validateResponseIfRequired(ResponseSpecificationImpl.groovy)\n\tat java.base/jdk.internal.reflect.NativeMethodAccessorImpl.invoke0(Native Method)\n\tat java.base/jdk.internal.reflect.NativeMethodAccessorImpl.invoke(NativeMethodAccessorImpl.java:77)\n\tat java.base/jdk.internal.reflect.DelegatingMethodAccessorImpl.invoke(DelegatingMethodAccessorImpl.java:43)\n\tat java.base/java.lang.reflect.Method.invoke(Method.java:569)\n\tat org.codehaus.groovy.runtime.callsite.PlainObjectMetaMethodSite.doInvoke(PlainObjectMetaMethodSite.java:43)\n\tat org.codehaus.groovy.runtime.callsite.PogoMetaMethodSite$PogoCachedMethodSiteNoUnwrapNoCoerce.invoke(PogoMetaMethodSite.java:198)\n\tat org.codehaus.groovy.runtime.callsite.PogoMetaMethodSite.callCurrent(PogoMetaMethodSite.java:62)\n\tat org.codehaus.groovy.runtime.callsite.AbstractCallSite.callCurrent(AbstractCallSite.java:185)\n\tat io.restassured.internal.ResponseSpecificationImpl.body(ResponseSpecificationImpl.groovy:107)\n\tat io.restassured.internal.ValidatableResponseOptionsImpl.body(ValidatableResponseOptionsImpl.java:238)\n\tat api.BaseApiTest.verifySchema(BaseApiTest.java:18)\n\tat api.BookTest.verifyPutBookResponseSchema(BookTest.java:35)\n\tat java.base/jdk.internal.reflect.NativeMethodAccessorImpl.invoke0(Native Method)\n\tat java.base/jdk.internal.reflect.NativeMethodAccessorImpl.invoke(NativeMethodAccessorImpl.java:77)\n\tat java.base/jdk.internal.reflect.DelegatingMethodAccessorImpl.invoke(DelegatingMethodAccessorImpl.java:43)\n\tat java.base/java.lang.reflect.Method.invoke(Method.java:569)\n\tat org.testng.internal.invokers.MethodInvocationHelper.invokeMethod(MethodInvocationHelper.java:141)\n\tat org.testng.internal.invokers.TestInvoker.invokeMethod(TestInvoker.java:686)\n\tat org.testng.internal.invokers.TestInvoker.invokeTestMethod(TestInvoker.java:230)\n\tat org.testng.internal.invokers.MethodRunner.runInSequence(MethodRunner.java:63)\n\tat org.testng.internal.invokers.TestInvoker$MethodInvocationAgent.invoke(TestInvoker.java:992)\n\tat org.testng.internal.invokers.TestInvoker.invokeTestMethods(TestInvoker.java:203)\n\tat org.testng.internal.invokers.TestMethodWorker.invokeTestMethods(TestMethodWorker.java:154)\n\tat org.testng.internal.invokers.TestMethodWorker.run(TestMethodWorker.java:134)\n\tat java.base/java.util.concurrent.Executors$RunnableAdapter.call(Executors.java:539)\n\tat java.base/java.util.concurrent.FutureTask.run(FutureTask.java:264)\n\tat org.testng.internal.thread.graph.TestNGFutureTask.run(TestNGFutureTask.java:22)\n\tat java.base/java.util.concurrent.ThreadPoolExecutor.runWorker(ThreadPoolExecutor.java:1136)\n\tat java.base/java.util.concurrent.ThreadPoolExecutor$Worker.run(ThreadPoolExecutor.java:635)\n\tat java.base/java.lang.Thread.run(Thread.java:840)\n","steps":[],"attachments":[{"uid":"c4e943c34b0ca503","name":"Request","source":"c4e943c34b0ca503.html","type":"text/html","size":1092},{"uid":"e369b9a17e471cd7","name":"HTTP/1.1 400 Bad Request","source":"e369b9a17e471cd7.html","type":"text/html","size":856}],"parameters":[],"shouldDisplayMessage":true,"stepsCount":0,"attachmentsCount":2,"hasContent":true},"afterStages":[],"labels":[{"name":"package","value":"api.BookTest"},{"name":"testClass","value":"api.BookTest"},{"name":"testMethod","value":"verifyPutBookResponseSchema"},{"name":"parentSuite","value":"Test suite"},{"name":"suite","value":"Tests"},{"name":"subSuite","value":"api.BookTest"},{"name":"host","value":"fv-az1927-685"},{"name":"thread","value":"2024@fv-az1927-685.TestNG-test-Tests-3(22)"},{"name":"framework","value":"testng"},{"name":"language","value":"java"},{"name":"resultFormat","value":"allure2"}],"parameters":[{"name":"arg0","value":"BookModel(id=7, pageCount=1, description=PfBFHXOVJG, excerpt=AraxAsOJZh, title=eScrYhUyBA, publishDate=zNuvNzmjmK)"}],"links":[],"hidden":false,"retry":false,"extra":{"severity":"normal","retries":[],"categories":[{"name":"Product defects","matchedStatuses":[],"flaky":false}],"tags":[]},"source":"c440aa1bad7bde3c.json","parameterValues":["BookModel(id=7, pageCount=1, description=PfBFHXOVJG, excerpt=AraxAsOJZh, title=eScrYhUyBA, publishDate=zNuvNzmjmK)"]}